  Player.cpp
d:\문서\github\api-worms-project\api_worms\bitmapmanager.h(18): warning C4018: '>': signed 또는 unsigned가 일치하지 않습니다.
d:\문서\github\api-worms-project\api_worms\bitmapmanager.h(30): warning C4018: '<': signed 또는 unsigned가 일치하지 않습니다.
d:\문서\github\api-worms-project\api_worms\bitmapmanager.h(85): warning C4244: '=': 'double'에서 'INT'(으)로 변환하면서 데이터가 손실될 수 있습니다.
d:\문서\github\api-worms-project\api_worms\bitmapmanager.h(86): warning C4244: '=': 'double'에서 'INT'(으)로 변환하면서 데이터가 손실될 수 있습니다.
d:\문서\github\api-worms-project\api_worms\player.h(26): warning C4244: '=': 'double'에서 'int'(으)로 변환하면서 데이터가 손실될 수 있습니다.
d:\문서\github\api-worms-project\api_worms\player.cpp(67): warning C4244: '인수': 'double'에서 'int'(으)로 변환하면서 데이터가 손실될 수 있습니다.
d:\문서\github\api-worms-project\api_worms\player.cpp(124): warning C4244: '+=': 'double'에서 'float'(으)로 변환하면서 데이터가 손실될 수 있습니다.
d:\문서\github\api-worms-project\api_worms\player.cpp(127): warning C4305: '-=': 'double'에서 'float'(으)로 잘립니다.
d:\문서\github\api-worms-project\api_worms\player.cpp(135): warning C4244: '인수': 'double'에서 'int'(으)로 변환하면서 데이터가 손실될 수 있습니다.
d:\문서\github\api-worms-project\api_worms\player.cpp(139): warning C4244: '인수': 'double'에서 'int'(으)로 변환하면서 데이터가 손실될 수 있습니다.
d:\문서\github\api-worms-project\api_worms\player.cpp(141): warning C4244: '인수': 'double'에서 'int'(으)로 변환하면서 데이터가 손실될 수 있습니다.
d:\문서\github\api-worms-project\api_worms\player.cpp(144): warning C4244: '인수': 'double'에서 'int'(으)로 변환하면서 데이터가 손실될 수 있습니다.
  코드를 생성하고 있습니다...
  건너뛰고 있습니다... (관련된 변경 내용 없음)
  TitleUI.cpp
  TimeUI.cpp
  TimeManager.cpp
  Tile.cpp
  StartButton.cpp
  ObjList.cpp
  Obj.cpp
  MyButton.cpp
  MainMenu.cpp
  Main.cpp
  KeyManager.cpp
  Health.cpp
  Ground.cpp
  GamePlay.cpp
  FireGage.cpp
  Explosion.cpp
  Bomb.cpp
  BitmapManager.cpp
  Bar.cpp
  App.cpp
  API_WORMS.vcxproj -> D:\문서\GitHub\API-WORMS-PROJECT\API_WORMS\Debug\API_WORMS.exe
  API_WORMS.vcxproj -> D:\문서\GitHub\API-WORMS-PROJECT\API_WORMS\Debug\API_WORMS.pdb (Full PDB)
